<?xml version="1.0" encoding="UTF-8"?>
<testsuite xmlns:xsi="http://www.w3.org/2001/XMLSchema-instance" xsi:noNamespaceSchemaLocation="https://maven.apache.org/surefire/maven-surefire-plugin/xsd/surefire-test-report.xsd" version="3.0.2" name="TestRunner.OnlineFoodDeliveryTestRunner" time="5.792" tests="15" errors="0" skipped="0" failures="0">
  <properties>
    <property name="java.specification.version" value="22"/>
    <property name="sun.cpu.isalist" value="amd64"/>
    <property name="sun.jnu.encoding" value="Cp1252"/>
    <property name="java.class.path" value="C:\Users\Abhishek\Desktop\Maven Project\Food-Delivery-Management-System\target\test-classes;C:\Users\Abhishek\Desktop\Maven Project\Food-Delivery-Management-System\target\classes;C:\Users\Abhishek\.m2\repository\io\cucumber\cucumber-java\7.18.1\cucumber-java-7.18.1.jar;C:\Users\Abhishek\.m2\repository\io\cucumber\cucumber-core\7.18.1\cucumber-core-7.18.1.jar;C:\Users\Abhishek\.m2\repository\io\cucumber\cucumber-gherkin\7.18.1\cucumber-gherkin-7.18.1.jar;C:\Users\Abhishek\.m2\repository\io\cucumber\cucumber-gherkin-messages\7.18.1\cucumber-gherkin-messages-7.18.1.jar;C:\Users\Abhishek\.m2\repository\io\cucumber\gherkin\28.0.0\gherkin-28.0.0.jar;C:\Users\Abhishek\.m2\repository\io\cucumber\messages\24.1.0\messages-24.1.0.jar;C:\Users\Abhishek\.m2\repository\io\cucumber\testng-xml-formatter\0.2.0\testng-xml-formatter-0.2.0.jar;C:\Users\Abhishek\.m2\repository\io\cucumber\query\12.2.0\query-12.2.0.jar;C:\Users\Abhishek\.m2\repository\io\cucumber\tag-expressions\6.1.0\tag-expressions-6.1.0.jar;C:\Users\Abhishek\.m2\repository\io\cucumber\cucumber-expressions\17.1.0\cucumber-expressions-17.1.0.jar;C:\Users\Abhishek\.m2\repository\io\cucumber\datatable\7.18.1\datatable-7.18.1.jar;C:\Users\Abhishek\.m2\repository\io\cucumber\cucumber-plugin\7.18.1\cucumber-plugin-7.18.1.jar;C:\Users\Abhishek\.m2\repository\io\cucumber\docstring\7.18.1\docstring-7.18.1.jar;C:\Users\Abhishek\.m2\repository\io\cucumber\html-formatter\21.4.1\html-formatter-21.4.1.jar;C:\Users\Abhishek\.m2\repository\io\cucumber\junit-xml-formatter\0.5.0\junit-xml-formatter-0.5.0.jar;C:\Users\Abhishek\.m2\repository\io\cucumber\ci-environment\10.0.1\ci-environment-10.0.1.jar;C:\Users\Abhishek\.m2\repository\org\apiguardian\apiguardian-api\1.1.2\apiguardian-api-1.1.2.jar;C:\Users\Abhishek\.m2\repository\io\cucumber\cucumber-junit\7.18.1\cucumber-junit-7.18.1.jar;C:\Users\Abhishek\.m2\repository\io\rest-assured\rest-assured\5.5.0\rest-assured-5.5.0.jar;C:\Users\Abhishek\.m2\repository\org\apache\groovy\groovy\4.0.22\groovy-4.0.22.jar;C:\Users\Abhishek\.m2\repository\org\apache\groovy\groovy-xml\4.0.22\groovy-xml-4.0.22.jar;C:\Users\Abhishek\.m2\repository\org\apache\httpcomponents\httpclient\4.5.13\httpclient-4.5.13.jar;C:\Users\Abhishek\.m2\repository\org\apache\httpcomponents\httpcore\4.4.13\httpcore-4.4.13.jar;C:\Users\Abhishek\.m2\repository\commons-logging\commons-logging\1.2\commons-logging-1.2.jar;C:\Users\Abhishek\.m2\repository\commons-codec\commons-codec\1.11\commons-codec-1.11.jar;C:\Users\Abhishek\.m2\repository\org\apache\httpcomponents\httpmime\4.5.13\httpmime-4.5.13.jar;C:\Users\Abhishek\.m2\repository\org\hamcrest\hamcrest\2.2\hamcrest-2.2.jar;C:\Users\Abhishek\.m2\repository\org\ccil\cowan\tagsoup\tagsoup\1.2.1\tagsoup-1.2.1.jar;C:\Users\Abhishek\.m2\repository\io\rest-assured\json-path\5.5.0\json-path-5.5.0.jar;C:\Users\Abhishek\.m2\repository\org\apache\groovy\groovy-json\4.0.22\groovy-json-4.0.22.jar;C:\Users\Abhishek\.m2\repository\io\rest-assured\rest-assured-common\5.5.0\rest-assured-common-5.5.0.jar;C:\Users\Abhishek\.m2\repository\io\rest-assured\xml-path\5.5.0\xml-path-5.5.0.jar;C:\Users\Abhishek\.m2\repository\org\apache\commons\commons-lang3\3.11\commons-lang3-3.11.jar;C:\Users\Abhishek\.m2\repository\com\fasterxml\jackson\core\jackson-databind\2.13.3\jackson-databind-2.13.3.jar;C:\Users\Abhishek\.m2\repository\com\fasterxml\jackson\core\jackson-annotations\2.13.3\jackson-annotations-2.13.3.jar;C:\Users\Abhishek\.m2\repository\com\fasterxml\jackson\core\jackson-core\2.13.3\jackson-core-2.13.3.jar;C:\Users\Abhishek\.m2\repository\junit\junit\4.13.2\junit-4.13.2.jar;C:\Users\Abhishek\.m2\repository\org\hamcrest\hamcrest-core\1.3\hamcrest-core-1.3.jar;"/>
    <property name="java.vm.vendor" value="Oracle Corporation"/>
    <property name="sun.arch.data.model" value="64"/>
    <property name="user.variant" value=""/>
    <property name="java.vendor.url" value="https://java.oracle.com/"/>
    <property name="user.timezone" value="Asia/Calcutta"/>
    <property name="os.name" value="Windows 10"/>
    <property name="java.vm.specification.version" value="22"/>
    <property name="sun.java.launcher" value="SUN_STANDARD"/>
    <property name="user.country" value="IN"/>
    <property name="sun.boot.library.path" value="D:\Java jdk\bin"/>
    <property name="sun.java.command" value="C:\Users\Abhishek\AppData\Local\Temp\surefire12028053074438107312\surefirebooter-20240905003928099_3.jar C:\Users\Abhishek\AppData\Local\Temp\surefire12028053074438107312 2024-09-05T00-39-27_843-jvmRun1 surefire-20240905003928099_1tmp surefire_0-20240905003928099_2tmp"/>
    <property name="jdk.debug" value="release"/>
    <property name="test" value="OnlineFoodDeliveryTestRunner"/>
    <property name="surefire.test.class.path" value="C:\Users\Abhishek\Desktop\Maven Project\Food-Delivery-Management-System\target\test-classes;C:\Users\Abhishek\Desktop\Maven Project\Food-Delivery-Management-System\target\classes;C:\Users\Abhishek\.m2\repository\io\cucumber\cucumber-java\7.18.1\cucumber-java-7.18.1.jar;C:\Users\Abhishek\.m2\repository\io\cucumber\cucumber-core\7.18.1\cucumber-core-7.18.1.jar;C:\Users\Abhishek\.m2\repository\io\cucumber\cucumber-gherkin\7.18.1\cucumber-gherkin-7.18.1.jar;C:\Users\Abhishek\.m2\repository\io\cucumber\cucumber-gherkin-messages\7.18.1\cucumber-gherkin-messages-7.18.1.jar;C:\Users\Abhishek\.m2\repository\io\cucumber\gherkin\28.0.0\gherkin-28.0.0.jar;C:\Users\Abhishek\.m2\repository\io\cucumber\messages\24.1.0\messages-24.1.0.jar;C:\Users\Abhishek\.m2\repository\io\cucumber\testng-xml-formatter\0.2.0\testng-xml-formatter-0.2.0.jar;C:\Users\Abhishek\.m2\repository\io\cucumber\query\12.2.0\query-12.2.0.jar;C:\Users\Abhishek\.m2\repository\io\cucumber\tag-expressions\6.1.0\tag-expressions-6.1.0.jar;C:\Users\Abhishek\.m2\repository\io\cucumber\cucumber-expressions\17.1.0\cucumber-expressions-17.1.0.jar;C:\Users\Abhishek\.m2\repository\io\cucumber\datatable\7.18.1\datatable-7.18.1.jar;C:\Users\Abhishek\.m2\repository\io\cucumber\cucumber-plugin\7.18.1\cucumber-plugin-7.18.1.jar;C:\Users\Abhishek\.m2\repository\io\cucumber\docstring\7.18.1\docstring-7.18.1.jar;C:\Users\Abhishek\.m2\repository\io\cucumber\html-formatter\21.4.1\html-formatter-21.4.1.jar;C:\Users\Abhishek\.m2\repository\io\cucumber\junit-xml-formatter\0.5.0\junit-xml-formatter-0.5.0.jar;C:\Users\Abhishek\.m2\repository\io\cucumber\ci-environment\10.0.1\ci-environment-10.0.1.jar;C:\Users\Abhishek\.m2\repository\org\apiguardian\apiguardian-api\1.1.2\apiguardian-api-1.1.2.jar;C:\Users\Abhishek\.m2\repository\io\cucumber\cucumber-junit\7.18.1\cucumber-junit-7.18.1.jar;C:\Users\Abhishek\.m2\repository\io\rest-assured\rest-assured\5.5.0\rest-assured-5.5.0.jar;C:\Users\Abhishek\.m2\repository\org\apache\groovy\groovy\4.0.22\groovy-4.0.22.jar;C:\Users\Abhishek\.m2\repository\org\apache\groovy\groovy-xml\4.0.22\groovy-xml-4.0.22.jar;C:\Users\Abhishek\.m2\repository\org\apache\httpcomponents\httpclient\4.5.13\httpclient-4.5.13.jar;C:\Users\Abhishek\.m2\repository\org\apache\httpcomponents\httpcore\4.4.13\httpcore-4.4.13.jar;C:\Users\Abhishek\.m2\repository\commons-logging\commons-logging\1.2\commons-logging-1.2.jar;C:\Users\Abhishek\.m2\repository\commons-codec\commons-codec\1.11\commons-codec-1.11.jar;C:\Users\Abhishek\.m2\repository\org\apache\httpcomponents\httpmime\4.5.13\httpmime-4.5.13.jar;C:\Users\Abhishek\.m2\repository\org\hamcrest\hamcrest\2.2\hamcrest-2.2.jar;C:\Users\Abhishek\.m2\repository\org\ccil\cowan\tagsoup\tagsoup\1.2.1\tagsoup-1.2.1.jar;C:\Users\Abhishek\.m2\repository\io\rest-assured\json-path\5.5.0\json-path-5.5.0.jar;C:\Users\Abhishek\.m2\repository\org\apache\groovy\groovy-json\4.0.22\groovy-json-4.0.22.jar;C:\Users\Abhishek\.m2\repository\io\rest-assured\rest-assured-common\5.5.0\rest-assured-common-5.5.0.jar;C:\Users\Abhishek\.m2\repository\io\rest-assured\xml-path\5.5.0\xml-path-5.5.0.jar;C:\Users\Abhishek\.m2\repository\org\apache\commons\commons-lang3\3.11\commons-lang3-3.11.jar;C:\Users\Abhishek\.m2\repository\com\fasterxml\jackson\core\jackson-databind\2.13.3\jackson-databind-2.13.3.jar;C:\Users\Abhishek\.m2\repository\com\fasterxml\jackson\core\jackson-annotations\2.13.3\jackson-annotations-2.13.3.jar;C:\Users\Abhishek\.m2\repository\com\fasterxml\jackson\core\jackson-core\2.13.3\jackson-core-2.13.3.jar;C:\Users\Abhishek\.m2\repository\junit\junit\4.13.2\junit-4.13.2.jar;C:\Users\Abhishek\.m2\repository\org\hamcrest\hamcrest-core\1.3\hamcrest-core-1.3.jar;"/>
    <property name="sun.cpu.endian" value="little"/>
    <property name="user.home" value="C:\Users\Abhishek"/>
    <property name="user.language" value="en"/>
    <property name="java.specification.vendor" value="Oracle Corporation"/>
    <property name="java.version.date" value="2024-04-16"/>
    <property name="java.home" value="D:\Java jdk"/>
    <property name="file.separator" value="\"/>
    <property name="basedir" value="C:\Users\Abhishek\Desktop\Maven Project\Food-Delivery-Management-System"/>
    <property name="java.vm.compressedOopsMode" value="32-bit"/>
    <property name="line.separator" value="&#10;"/>
    <property name="java.vm.specification.vendor" value="Oracle Corporation"/>
    <property name="java.specification.name" value="Java Platform API Specification"/>
    <property name="surefire.real.class.path" value="C:\Users\Abhishek\AppData\Local\Temp\surefire12028053074438107312\surefirebooter-20240905003928099_3.jar"/>
    <property name="user.script" value=""/>
    <property name="sun.management.compiler" value="HotSpot 64-Bit Tiered Compilers"/>
    <property name="java.runtime.version" value="22.0.1+8-16"/>
    <property name="user.name" value="Abhishek"/>
    <property name="stdout.encoding" value="Cp1252"/>
    <property name="path.separator" value=";"/>
    <property name="os.version" value="10.0"/>
    <property name="java.runtime.name" value="Java(TM) SE Runtime Environment"/>
    <property name="file.encoding" value="UTF-8"/>
    <property name="java.vm.name" value="Java HotSpot(TM) 64-Bit Server VM"/>
    <property name="localRepository" value="C:\Users\Abhishek\.m2\repository"/>
    <property name="java.vendor.url.bug" value="https://bugreport.java.com/bugreport/"/>
    <property name="java.io.tmpdir" value="C:\Users\Abhishek\AppData\Local\Temp\"/>
    <property name="java.version" value="22.0.1"/>
    <property name="user.dir" value="C:\Users\Abhishek\Desktop\Maven Project\Food-Delivery-Management-System"/>
    <property name="os.arch" value="amd64"/>
    <property name="java.vm.specification.name" value="Java Virtual Machine Specification"/>
    <property name="sun.os.patch.level" value=""/>
    <property name="native.encoding" value="Cp1252"/>
    <property name="java.library.path" value="D:\Java jdk\bin;C:\Windows\Sun\Java\bin;C:\Windows\system32;C:\Windows;C:\Program Files\Common Files\Oracle\Java\javapath;C:\Program Files (x86)\Common Files\Oracle\Java\javapath;C:\Windows\system32;C:\Windows;C:\Windows\System32\Wbem;C:\Windows\System32\WindowsPowerShell\v1.0\;C:\Windows\System32\OpenSSH\;C:\Program Files\Git\cmd;C:\Users\Abhishek\Documents\assignments\maven bin\apache-maven-3.9.9\bin;C:\Program Files\nodejs\;C:\Users\Abhishek\AppData\Local\Programs\Python\Launcher\;C:\Users\Abhishek\AppData\Local\Microsoft\WindowsApps;D:\VScode\Microsoft VS Code\bin;C:\Users\Abhishek\AppData\Local\GitHubDesktop\bin;C:\Users\Abhishek\AppData\Roaming\npm;."/>
    <property name="java.vm.info" value="mixed mode, sharing"/>
    <property name="stderr.encoding" value="Cp1252"/>
    <property name="java.vendor" value="Oracle Corporation"/>
    <property name="java.vm.version" value="22.0.1+8-16"/>
    <property name="sun.io.unicode.encoding" value="UnicodeLittle"/>
    <property name="java.class.version" value="66.0"/>
  </properties>
  <testcase name="Get all users" classname="API Endpoints" time="2.861">
    <system-out><![CDATA[
Scenario: Get all users                           &amp#27;[90m# Features/OnlineDelivery.feature:9&amp#27;[0m
  &amp#27;[32mGiven &amp#27;[0m&amp#27;[32mthe server is running&amp#27;[0m                     &amp#27;[90m# Steps.Online_Food_Delivery_stepDefinations.the_server_is_running()&amp#27;[0m
  &amp#27;[32mWhen &amp#27;[0m&amp#27;[32mI send a GET request to &amp#27;[0m&amp#27;[32m&amp#27;[1m"/users"&amp#27;[0m           &amp#27;[90m# Steps.Online_Food_Delivery_stepDefinations.i_send_a_get_request_to(java.lang.String)&amp#27;[0m
  &amp#27;[32mThen &amp#27;[0m&amp#27;[32mthe response status should be &amp#27;[0m&amp#27;[32m&amp#27;[1m200&amp#27;[0m          &amp#27;[90m# Steps.Online_Food_Delivery_stepDefinations.the_response_status_should_be(int)&amp#27;[0m
  &amp#27;[32mAnd &amp#27;[0m&amp#27;[32mthe response should contain a list of users&amp#27;[0m &amp#27;[90m# Steps.Online_Food_Delivery_stepDefinations.the_response_should_contain_a_list_of_users()&amp#27;[0m
]]></system-out>
  </testcase>
  <testcase name="Register a new user" classname="API Endpoints" time="0.989">
    <system-out><![CDATA[
Scenario: Register a new user                                              &amp#27;[90m# Features/OnlineDelivery.feature:14&amp#27;[0m
  &amp#27;[32mGiven &amp#27;[0m&amp#27;[32mthe server is running&amp#27;[0m                                              &amp#27;[90m# Steps.Online_Food_Delivery_stepDefinations.the_server_is_running()&amp#27;[0m
  &amp#27;[32mWhen &amp#27;[0m&amp#27;[32mI send a POST request to &amp#27;[0m&amp#27;[32m&amp#27;[1m"/users/register"&amp#27;[0m&amp#27;[32m with the following body:&amp#27;[0m &amp#27;[90m# Steps.Online_Food_Delivery_stepDefinations.i_send_a_post_request_to_with_the_following_body(java.lang.String,java.lang.String)&amp#27;[0m
  &amp#27;[32mThen &amp#27;[0m&amp#27;[32mthe response status should be &amp#27;[0m&amp#27;[32m&amp#27;[1m201&amp#27;[0m                                   &amp#27;[90m# Steps.Online_Food_Delivery_stepDefinations.the_response_status_should_be(int)&amp#27;[0m
  &amp#27;[32mAnd &amp#27;[0m&amp#27;[32mthe response should contain the new user details&amp#27;[0m                     &amp#27;[90m# Steps.Online_Food_Delivery_stepDefinations.the_response_should_contain_the_new_user_details()&amp#27;[0m
]]></system-out>
  </testcase>
  <testcase name="Login with valid credentials" classname="API Endpoints" time="0.086">
    <system-out><![CDATA[
Scenario: Login with valid credentials                                  &amp#27;[90m# Features/OnlineDelivery.feature:26&amp#27;[0m
  &amp#27;[32mGiven &amp#27;[0m&amp#27;[32mthe server is running&amp#27;[0m                                           &amp#27;[90m# Steps.Online_Food_Delivery_stepDefinations.the_server_is_running()&amp#27;[0m
  &amp#27;[32mWhen &amp#27;[0m&amp#27;[32mI send a POST request to &amp#27;[0m&amp#27;[32m&amp#27;[1m"/users/login"&amp#27;[0m&amp#27;[32m with the following body:&amp#27;[0m &amp#27;[90m# Steps.Online_Food_Delivery_stepDefinations.i_send_a_post_request_to_with_the_following_body(java.lang.String,java.lang.String)&amp#27;[0m
  &amp#27;[32mThen &amp#27;[0m&amp#27;[32mthe response status should be &amp#27;[0m&amp#27;[32m&amp#27;[1m200&amp#27;[0m                                &amp#27;[90m# Steps.Online_Food_Delivery_stepDefinations.the_response_status_should_be(int)&amp#27;[0m
  &amp#27;[32mAnd &amp#27;[0m&amp#27;[32mthe response should contain a success message&amp#27;[0m                     &amp#27;[90m# Steps.Online_Food_Delivery_stepDefinations.the_response_should_contain_a_success_message()&amp#27;[0m
]]></system-out>
  </testcase>
  <testcase name="Login with invalid credentials" classname="API Endpoints" time="0.027">
    <system-out><![CDATA[
Scenario: Login with invalid credentials                                &amp#27;[90m# Features/OnlineDelivery.feature:37&amp#27;[0m
  &amp#27;[32mGiven &amp#27;[0m&amp#27;[32mthe server is running&amp#27;[0m                                           &amp#27;[90m# Steps.Online_Food_Delivery_stepDefinations.the_server_is_running()&amp#27;[0m
  &amp#27;[32mWhen &amp#27;[0m&amp#27;[32mI send a POST request to &amp#27;[0m&amp#27;[32m&amp#27;[1m"/users/login"&amp#27;[0m&amp#27;[32m with the following body:&amp#27;[0m &amp#27;[90m# Steps.Online_Food_Delivery_stepDefinations.i_send_a_post_request_to_with_the_following_body(java.lang.String,java.lang.String)&amp#27;[0m
  &amp#27;[32mThen &amp#27;[0m&amp#27;[32mthe response status should be &amp#27;[0m&amp#27;[32m&amp#27;[1m401&amp#27;[0m                                &amp#27;[90m# Steps.Online_Food_Delivery_stepDefinations.the_response_status_should_be(int)&amp#27;[0m
  &amp#27;[32mAnd &amp#27;[0m&amp#27;[32mthe response should contain an error message&amp#27;[0m                      &amp#27;[90m# Steps.Online_Food_Delivery_stepDefinations.the_response_should_contain_an_error_message()&amp#27;[0m
]]></system-out>
  </testcase>
  <testcase name="Get all restaurants" classname="API Endpoints" time="0.031">
    <system-out><![CDATA[
Scenario: Get all restaurants                           &amp#27;[90m# Features/OnlineDelivery.feature:48&amp#27;[0m
  &amp#27;[32mGiven &amp#27;[0m&amp#27;[32mthe server is running&amp#27;[0m                           &amp#27;[90m# Steps.Online_Food_Delivery_stepDefinations.the_server_is_running()&amp#27;[0m
  &amp#27;[32mWhen &amp#27;[0m&amp#27;[32mI send a GET request to &amp#27;[0m&amp#27;[32m&amp#27;[1m"/restaurants"&amp#27;[0m           &amp#27;[90m# Steps.Online_Food_Delivery_stepDefinations.i_send_a_get_request_to(java.lang.String)&amp#27;[0m
  &amp#27;[32mThen &amp#27;[0m&amp#27;[32mthe response status should be &amp#27;[0m&amp#27;[32m&amp#27;[1m200&amp#27;[0m                &amp#27;[90m# Steps.Online_Food_Delivery_stepDefinations.the_response_status_should_be(int)&amp#27;[0m
  &amp#27;[32mAnd &amp#27;[0m&amp#27;[32mthe response should contain a list of restaurants&amp#27;[0m &amp#27;[90m# Steps.Online_Food_Delivery_stepDefinations.the_response_should_contain_a_list_of_restaurants()&amp#27;[0m
]]></system-out>
  </testcase>
  <testcase name="Register a new restaurant" classname="API Endpoints" time="0.051">
    <system-out><![CDATA[
Scenario: Register a new restaurant                                     &amp#27;[90m# Features/OnlineDelivery.feature:53&amp#27;[0m
  &amp#27;[32mGiven &amp#27;[0m&amp#27;[32mthe server is running&amp#27;[0m                                           &amp#27;[90m# Steps.Online_Food_Delivery_stepDefinations.the_server_is_running()&amp#27;[0m
  &amp#27;[32mWhen &amp#27;[0m&amp#27;[32mI send a POST request to &amp#27;[0m&amp#27;[32m&amp#27;[1m"/restaurants"&amp#27;[0m&amp#27;[32m with the following body:&amp#27;[0m &amp#27;[90m# Steps.Online_Food_Delivery_stepDefinations.i_send_a_post_request_to_with_the_following_body(java.lang.String,java.lang.String)&amp#27;[0m
  &amp#27;[32mThen &amp#27;[0m&amp#27;[32mthe response status should be &amp#27;[0m&amp#27;[32m&amp#27;[1m201&amp#27;[0m                                &amp#27;[90m# Steps.Online_Food_Delivery_stepDefinations.the_response_status_should_be(int)&amp#27;[0m
  &amp#27;[32mAnd &amp#27;[0m&amp#27;[32mthe response should contain the new restaurant details&amp#27;[0m            &amp#27;[90m# Steps.Online_Food_Delivery_stepDefinations.the_response_should_contain_the_new_restaurant_details()&amp#27;[0m
]]></system-out>
  </testcase>
  <testcase name="Get a specific restaurant" classname="API Endpoints" time="0.103">
    <system-out><![CDATA[
Scenario: Get a specific restaurant                      &amp#27;[90m# Features/OnlineDelivery.feature:66&amp#27;[0m
  &amp#27;[32mGiven &amp#27;[0m&amp#27;[32mthe server is running&amp#27;[0m                            &amp#27;[90m# Steps.Online_Food_Delivery_stepDefinations.the_server_is_running()&amp#27;[0m
  &amp#27;[32mWhen &amp#27;[0m&amp#27;[32mI send a GET request to &amp#27;[0m&amp#27;[32m&amp#27;[1m"/restaurants/1"&amp#27;[0m          &amp#27;[90m# Steps.Online_Food_Delivery_stepDefinations.i_send_a_get_request_to(java.lang.String)&amp#27;[0m
  &amp#27;[32mThen &amp#27;[0m&amp#27;[32mthe response status should be &amp#27;[0m&amp#27;[32m&amp#27;[1m200&amp#27;[0m                 &amp#27;[90m# Steps.Online_Food_Delivery_stepDefinations.the_response_status_should_be(int)&amp#27;[0m
  &amp#27;[32mAnd &amp#27;[0m&amp#27;[32mthe response should contain the restaurant details&amp#27;[0m &amp#27;[90m# Steps.Online_Food_Delivery_stepDefinations.the_response_should_contain_the_restaurant_details()&amp#27;[0m
]]></system-out>
  </testcase>
  <testcase name="Get all orders" classname="API Endpoints" time="0.02">
    <system-out><![CDATA[
Scenario: Get all orders                           &amp#27;[90m# Features/OnlineDelivery.feature:71&amp#27;[0m
  &amp#27;[32mGiven &amp#27;[0m&amp#27;[32mthe server is running&amp#27;[0m                      &amp#27;[90m# Steps.Online_Food_Delivery_stepDefinations.the_server_is_running()&amp#27;[0m
  &amp#27;[32mWhen &amp#27;[0m&amp#27;[32mI send a GET request to &amp#27;[0m&amp#27;[32m&amp#27;[1m"/orders"&amp#27;[0m           &amp#27;[90m# Steps.Online_Food_Delivery_stepDefinations.i_send_a_get_request_to(java.lang.String)&amp#27;[0m
  &amp#27;[32mThen &amp#27;[0m&amp#27;[32mthe response status should be &amp#27;[0m&amp#27;[32m&amp#27;[1m200&amp#27;[0m           &amp#27;[90m# Steps.Online_Food_Delivery_stepDefinations.the_response_status_should_be(int)&amp#27;[0m
  &amp#27;[32mAnd &amp#27;[0m&amp#27;[32mthe response should contain a list of orders&amp#27;[0m &amp#27;[90m# Steps.Online_Food_Delivery_stepDefinations.the_response_should_contain_a_list_of_orders()&amp#27;[0m
]]></system-out>
  </testcase>
  <testcase name="Place a new order" classname="API Endpoints" time="0.063">
    <system-out><![CDATA[
Scenario: Place a new order                                        &amp#27;[90m# Features/OnlineDelivery.feature:76&amp#27;[0m
  &amp#27;[32mGiven &amp#27;[0m&amp#27;[32mthe server is running&amp#27;[0m                                      &amp#27;[90m# Steps.Online_Food_Delivery_stepDefinations.the_server_is_running()&amp#27;[0m
  &amp#27;[32mWhen &amp#27;[0m&amp#27;[32mI send a POST request to &amp#27;[0m&amp#27;[32m&amp#27;[1m"/orders"&amp#27;[0m&amp#27;[32m with the following body:&amp#27;[0m &amp#27;[90m# Steps.Online_Food_Delivery_stepDefinations.i_send_a_post_request_to_with_the_following_body(java.lang.String,java.lang.String)&amp#27;[0m
  &amp#27;[32mThen &amp#27;[0m&amp#27;[32mthe response status should be &amp#27;[0m&amp#27;[32m&amp#27;[1m201&amp#27;[0m                           &amp#27;[90m# Steps.Online_Food_Delivery_stepDefinations.the_response_status_should_be(int)&amp#27;[0m
  &amp#27;[32mAnd &amp#27;[0m&amp#27;[32mthe response should contain the new order details&amp#27;[0m            &amp#27;[90m# Steps.Online_Food_Delivery_stepDefinations.the_response_should_contain_the_new_order_details()&amp#27;[0m
]]></system-out>
  </testcase>
  <testcase name="Get a specific order" classname="API Endpoints" time="0.071">
    <system-out><![CDATA[
Scenario: Get a specific order                      &amp#27;[90m# Features/OnlineDelivery.feature:89&amp#27;[0m
  &amp#27;[32mGiven &amp#27;[0m&amp#27;[32mthe server is running&amp#27;[0m                       &amp#27;[90m# Steps.Online_Food_Delivery_stepDefinations.the_server_is_running()&amp#27;[0m
  &amp#27;[32mWhen &amp#27;[0m&amp#27;[32mI send a GET request to &amp#27;[0m&amp#27;[32m&amp#27;[1m"/orders/1"&amp#27;[0m          &amp#27;[90m# Steps.Online_Food_Delivery_stepDefinations.i_send_a_get_request_to(java.lang.String)&amp#27;[0m
  &amp#27;[32mThen &amp#27;[0m&amp#27;[32mthe response status should be &amp#27;[0m&amp#27;[32m&amp#27;[1m200&amp#27;[0m            &amp#27;[90m# Steps.Online_Food_Delivery_stepDefinations.the_response_status_should_be(int)&amp#27;[0m
  &amp#27;[32mAnd &amp#27;[0m&amp#27;[32mthe response should contain the order details&amp#27;[0m &amp#27;[90m# Steps.Online_Food_Delivery_stepDefinations.the_response_should_contain_the_order_details()&amp#27;[0m
]]></system-out>
  </testcase>
  <testcase name="Update user profile" classname="API Endpoints" time="0.049">
    <system-out><![CDATA[
Scenario: Update user profile                                      &amp#27;[90m# Features/OnlineDelivery.feature:94&amp#27;[0m
  &amp#27;[32mGiven &amp#27;[0m&amp#27;[32mthe server is running&amp#27;[0m                                      &amp#27;[90m# Steps.Online_Food_Delivery_stepDefinations.the_server_is_running()&amp#27;[0m
  &amp#27;[32mWhen &amp#27;[0m&amp#27;[32mI send a PUT request to &amp#27;[0m&amp#27;[32m&amp#27;[1m"/users/1"&amp#27;[0m&amp#27;[32m with the following body:&amp#27;[0m &amp#27;[90m# Steps.Online_Food_Delivery_stepDefinations.i_send_a_put_request_to_with_the_following_body(java.lang.String,java.lang.String)&amp#27;[0m
  &amp#27;[32mThen &amp#27;[0m&amp#27;[32mthe response status should be &amp#27;[0m&amp#27;[32m&amp#27;[1m200&amp#27;[0m                           &amp#27;[90m# Steps.Online_Food_Delivery_stepDefinations.the_response_status_should_be(int)&amp#27;[0m
  &amp#27;[32mAnd &amp#27;[0m&amp#27;[32mthe response should contain the updated user details&amp#27;[0m         &amp#27;[90m# Steps.Online_Food_Delivery_stepDefinations.the_response_should_contain_the_updated_user_details()&amp#27;[0m
]]></system-out>
  </testcase>
  <testcase name="Delete a user" classname="API Endpoints" time="0.028">
    <system-out><![CDATA[
Scenario: Delete a user                      &amp#27;[90m# Features/OnlineDelivery.feature:105&amp#27;[0m
  &amp#27;[32mGiven &amp#27;[0m&amp#27;[32mthe server is running&amp#27;[0m                &amp#27;[90m# Steps.Online_Food_Delivery_stepDefinations.the_server_is_running()&amp#27;[0m
  &amp#27;[32mWhen &amp#27;[0m&amp#27;[32mI send a DELETE request to &amp#27;[0m&amp#27;[32m&amp#27;[1m"/users/1"&amp#27;[0m &amp#27;[90m# Steps.Online_Food_Delivery_stepDefinations.i_send_a_delete_request_to(java.lang.String)&amp#27;[0m
  &amp#27;[32mThen &amp#27;[0m&amp#27;[32mthe response status should be &amp#27;[0m&amp#27;[32m&amp#27;[1m204&amp#27;[0m     &amp#27;[90m# Steps.Online_Food_Delivery_stepDefinations.the_response_status_should_be(int)&amp#27;[0m
]]></system-out>
  </testcase>
  <testcase name="Search for food items" classname="API Endpoints" time="0.072">
    <system-out><![CDATA[
Scenario: Search for food items                                                           &amp#27;[90m# Features/OnlineDelivery.feature:109&amp#27;[0m
  &amp#27;[32mGiven &amp#27;[0m&amp#27;[32mthe server is running&amp#27;[0m                                                             &amp#27;[90m# Steps.Online_Food_Delivery_stepDefinations.the_server_is_running()&amp#27;[0m
  &amp#27;[32mWhen &amp#27;[0m&amp#27;[32mI send a GET request to &amp#27;[0m&amp#27;[32m&amp#27;[1m"/foods/search"&amp#27;[0m&amp#27;[32m with the query parameter &amp#27;[0m&amp#27;[32m&amp#27;[1m"name"&amp#27;[0m&amp#27;[32m as &amp#27;[0m&amp#27;[32m&amp#27;[1m"Food1"&amp#27;[0m &amp#27;[90m# Steps.Online_Food_Delivery_stepDefinations.i_send_a_get_request_to_with_query_parameter_as(java.lang.String,java.lang.String,java.lang.String)&amp#27;[0m
  &amp#27;[32mThen &amp#27;[0m&amp#27;[32mthe response status should be &amp#27;[0m&amp#27;[32m&amp#27;[1m200&amp#27;[0m                                                  &amp#27;[90m# Steps.Online_Food_Delivery_stepDefinations.the_response_status_should_be(int)&amp#27;[0m
  &amp#27;[32mAnd &amp#27;[0m&amp#27;[32mthe response should contain the food items matching the search&amp#27;[0m                      &amp#27;[90m# Steps.Online_Food_Delivery_stepDefinations.the_response_should_contain_the_food_items_matching_the_search()&amp#27;[0m
]]></system-out>
  </testcase>
  <testcase name="Filter food items by cuisine" classname="API Endpoints" time="0.03">
    <system-out><![CDATA[
Scenario: Filter food items by cuisine                                                          &amp#27;[90m# Features/OnlineDelivery.feature:114&amp#27;[0m
  &amp#27;[32mGiven &amp#27;[0m&amp#27;[32mthe server is running&amp#27;[0m                                                                   &amp#27;[90m# Steps.Online_Food_Delivery_stepDefinations.the_server_is_running()&amp#27;[0m
  &amp#27;[32mWhen &amp#27;[0m&amp#27;[32mI send a GET request to &amp#27;[0m&amp#27;[32m&amp#27;[1m"/foods/filter"&amp#27;[0m&amp#27;[32m with the query parameter &amp#27;[0m&amp#27;[32m&amp#27;[1m"cuisine"&amp#27;[0m&amp#27;[32m as &amp#27;[0m&amp#27;[32m&amp#27;[1m"Cuisine1"&amp#27;[0m &amp#27;[90m# Steps.Online_Food_Delivery_stepDefinations.i_send_a_get_request_to_with_query_parameter_as(java.lang.String,java.lang.String,java.lang.String)&amp#27;[0m
  &amp#27;[32mThen &amp#27;[0m&amp#27;[32mthe response status should be &amp#27;[0m&amp#27;[32m&amp#27;[1m200&amp#27;[0m                                                        &amp#27;[90m# Steps.Online_Food_Delivery_stepDefinations.the_response_status_should_be(int)&amp#27;[0m
  &amp#27;[32mAnd &amp#27;[0m&amp#27;[32mthe response should contain the food items of the specified cuisine&amp#27;[0m                       &amp#27;[90m# Steps.Online_Food_Delivery_stepDefinations.the_response_should_contain_the_food_items_of_the_specified_cuisine()&amp#27;[0m
]]></system-out>
  </testcase>
  <testcase name="Get all data" classname="API Endpoints" time="0.09">
    <system-out><![CDATA[
Scenario: Get all data                     &amp#27;[90m# Features/OnlineDelivery.feature:119&amp#27;[0m
  &amp#27;[32mGiven &amp#27;[0m&amp#27;[32mthe server is running&amp#27;[0m              &amp#27;[90m# Steps.Online_Food_Delivery_stepDefinations.the_server_is_running()&amp#27;[0m
  &amp#27;[32mWhen &amp#27;[0m&amp#27;[32mI send a GET request to &amp#27;[0m&amp#27;[32m&amp#27;[1m"/data"&amp#27;[0m     &amp#27;[90m# Steps.Online_Food_Delivery_stepDefinations.i_send_a_get_request_to(java.lang.String)&amp#27;[0m
  &amp#27;[32mThen &amp#27;[0m&amp#27;[32mthe response status should be &amp#27;[0m&amp#27;[32m&amp#27;[1m200&amp#27;[0m   &amp#27;[90m# Steps.Online_Food_Delivery_stepDefinations.the_response_status_should_be(int)&amp#27;[0m
  &amp#27;[32mAnd &amp#27;[0m&amp#27;[32mthe response should contain all data&amp#27;[0m &amp#27;[90m# Steps.Online_Food_Delivery_stepDefinations.the_response_should_contain_all_data()&amp#27;[0m
]]></system-out>
  </testcase>
</testsuite>